d:\csi4900\gloweffect\glow_effect\x64\release\mipmap.cu.obj
d:\csi4900\gloweffect\glow_effect\x64\release\vc142.pdb
d:\csi4900\gloweffect\glow_effect\x64\release\dilate_erode.obj
d:\csi4900\gloweffect\glow_effect\x64\release\wx_gui.obj
d:\csi4900\gloweffect\glow_effect\x64\release\trtinference.obj
d:\csi4900\gloweffect\glow_effect\x64\release\imageprocessingutil.obj
d:\csi4900\gloweffect\glow_effect\x64\release\control_gui.obj
d:\csi4900\gloweffect\glow_effect\x64\release\glow_effect.obj
d:\csi4900\gloweffect\glow_effect\x64\release\all_main.obj
d:\csi4900\gloweffect\glow_effect\x64\release\glow_effect.res
d:\csi4900\gloweffect\glow_effect\x64\release\glow_effect.exe
d:\csi4900\gloweffect\glow_effect\x64\release\glow_effect.pdb
d:\csi4900\gloweffect\glow_effect\x64\release\glow_effect.lib
d:\csi4900\gloweffect\glow_effect\x64\release\glow_effect.exp
d:\csi4900\gloweffect\glow_effect\x64\release\glow_effect.ipdb
d:\csi4900\gloweffect\glow_effect\x64\release\glow_effect.iobj
d:\csi4900\gloweffect\glow_effect\x64\release\mipmap.cu.cache
d:\csi4900\gloweffect\glow_effect\x64\release\glow_effect.device-link.obj
d:\csi4900\gloweffect\glow_effect\x64\release\glow_effect.tlog\cudacompile.read.1u.tlog
d:\csi4900\gloweffect\glow_effect\x64\release\glow_effect.tlog\cudacompile.write.1u.tlog
d:\csi4900\gloweffect\glow_effect\x64\release\glow_effect.tlog\cl.read.1.tlog
d:\csi4900\gloweffect\glow_effect\x64\release\glow_effect.tlog\cl.write.1.tlog
d:\csi4900\gloweffect\glow_effect\x64\release\glow_effect.tlog\cl.command.1.tlog
d:\csi4900\gloweffect\glow_effect\x64\release\glow_effect.tlog\rc.read.1.tlog
d:\csi4900\gloweffect\glow_effect\x64\release\glow_effect.tlog\rc.write.1.tlog
d:\csi4900\gloweffect\glow_effect\x64\release\glow_effect.tlog\rc.command.1.tlog
d:\csi4900\gloweffect\glow_effect\x64\release\glow_effect.tlog\link.read.1.tlog
d:\csi4900\gloweffect\glow_effect\x64\release\glow_effect.tlog\link.write.1.tlog
d:\csi4900\gloweffect\glow_effect\x64\release\glow_effect.tlog\link.command.1.tlog
d:\csi4900\gloweffect\glow_effect\x64\release\glow_effect.tlog\glow_effect.write.1u.tlog
